Performing C SOURCE FILE Test CMAKE_HAVE_LIBC_PTHREAD failed with the following output:
Change Dir: /home/wyz/cad420/voxer/cmake-build-release/CMakeFiles/CMakeTmp

Run Build Command(s):/usr/bin/make cmTC_5f09f/fast && /usr/bin/make  -f CMakeFiles/cmTC_5f09f.dir/build.make CMakeFiles/cmTC_5f09f.dir/build
make[1]: 进入目录“/home/wyz/cad420/voxer/cmake-build-release/CMakeFiles/CMakeTmp”
Building C object CMakeFiles/cmTC_5f09f.dir/src.c.o
/usr/bin/gcc -DCMAKE_HAVE_LIBC_PTHREAD  -fPIE -o CMakeFiles/cmTC_5f09f.dir/src.c.o -c /home/wyz/cad420/voxer/cmake-build-release/CMakeFiles/CMakeTmp/src.c
Linking C executable cmTC_5f09f
/usr/bin/cmake -E cmake_link_script CMakeFiles/cmTC_5f09f.dir/link.txt --verbose=1
/usr/bin/gcc CMakeFiles/cmTC_5f09f.dir/src.c.o -o cmTC_5f09f 
/usr/bin/ld: CMakeFiles/cmTC_5f09f.dir/src.c.o: in function `main':
src.c:(.text+0x3e): undefined reference to `pthread_create'
/usr/bin/ld: src.c:(.text+0x4a): undefined reference to `pthread_detach'
/usr/bin/ld: src.c:(.text+0x56): undefined reference to `pthread_cancel'
/usr/bin/ld: src.c:(.text+0x67): undefined reference to `pthread_join'
collect2: 错误：ld 返回 1
make[1]: *** [CMakeFiles/cmTC_5f09f.dir/build.make:106：cmTC_5f09f] 错误 1
make[1]: 离开目录“/home/wyz/cad420/voxer/cmake-build-release/CMakeFiles/CMakeTmp”
make: *** [Makefile:140：cmTC_5f09f/fast] 错误 2


Source file was:
#include <pthread.h>

static void* test_func(void* data)
{
  return data;
}

int main(void)
{
  pthread_t thread;
  pthread_create(&thread, NULL, test_func, NULL);
  pthread_detach(thread);
  pthread_cancel(thread);
  pthread_join(thread, NULL);
  pthread_atfork(NULL, NULL, NULL);
  pthread_exit(NULL);

  return 0;
}

Determining if the function pthread_create exists in the pthreads failed with the following output:
Change Dir: /home/wyz/cad420/voxer/cmake-build-release/CMakeFiles/CMakeTmp

Run Build Command(s):/usr/bin/make cmTC_a40b1/fast && /usr/bin/make  -f CMakeFiles/cmTC_a40b1.dir/build.make CMakeFiles/cmTC_a40b1.dir/build
make[1]: 进入目录“/home/wyz/cad420/voxer/cmake-build-release/CMakeFiles/CMakeTmp”
Building C object CMakeFiles/cmTC_a40b1.dir/CheckFunctionExists.c.o
/usr/bin/gcc   -DCHECK_FUNCTION_EXISTS=pthread_create -fPIE -o CMakeFiles/cmTC_a40b1.dir/CheckFunctionExists.c.o -c /usr/share/cmake-3.19/Modules/CheckFunctionExists.c
Linking C executable cmTC_a40b1
/usr/bin/cmake -E cmake_link_script CMakeFiles/cmTC_a40b1.dir/link.txt --verbose=1
/usr/bin/gcc  -DCHECK_FUNCTION_EXISTS=pthread_create CMakeFiles/cmTC_a40b1.dir/CheckFunctionExists.c.o -o cmTC_a40b1  -lpthreads 
/usr/bin/ld: 找不到 -lpthreads
collect2: 错误：ld 返回 1
make[1]: *** [CMakeFiles/cmTC_a40b1.dir/build.make:106：cmTC_a40b1] 错误 1
make[1]: 离开目录“/home/wyz/cad420/voxer/cmake-build-release/CMakeFiles/CMakeTmp”
make: *** [Makefile:140：cmTC_a40b1/fast] 错误 2



Determining if the strtod_l exist failed with the following output:
Change Dir: /home/wyz/cad420/voxer/cmake-build-release/CMakeFiles/CMakeTmp

Run Build Command(s):/usr/bin/make cmTC_2dd71/fast && /usr/bin/make  -f CMakeFiles/cmTC_2dd71.dir/build.make CMakeFiles/cmTC_2dd71.dir/build
make[1]: 进入目录“/home/wyz/cad420/voxer/cmake-build-release/CMakeFiles/CMakeTmp”
Building C object CMakeFiles/cmTC_2dd71.dir/CheckSymbolExists.c.o
/usr/bin/gcc   -fPIE -o CMakeFiles/cmTC_2dd71.dir/CheckSymbolExists.c.o -c /home/wyz/cad420/voxer/cmake-build-release/CMakeFiles/CMakeTmp/CheckSymbolExists.c
/home/wyz/cad420/voxer/cmake-build-release/CMakeFiles/CMakeTmp/CheckSymbolExists.c: 在函数‘main’中:
/home/wyz/cad420/voxer/cmake-build-release/CMakeFiles/CMakeTmp/CheckSymbolExists.c:8:19: 错误：‘strtod_l’ undeclared (first use in this function); did you mean ‘strtoull’?
    8 |   return ((int*)(&strtod_l))[argc];
      |                   ^~~~~~~~
      |                   strtoull
/home/wyz/cad420/voxer/cmake-build-release/CMakeFiles/CMakeTmp/CheckSymbolExists.c:8:19: 附注：每个未声明的标识符在其出现的函数内只报告一次
make[1]: *** [CMakeFiles/cmTC_2dd71.dir/build.make:85：CMakeFiles/cmTC_2dd71.dir/CheckSymbolExists.c.o] 错误 1
make[1]: 离开目录“/home/wyz/cad420/voxer/cmake-build-release/CMakeFiles/CMakeTmp”
make: *** [Makefile:140：cmTC_2dd71/fast] 错误 2


File /home/wyz/cad420/voxer/cmake-build-release/CMakeFiles/CMakeTmp/CheckSymbolExists.c:
/* */
#include <stdlib.h>

int main(int argc, char** argv)
{
  (void)argv;
#ifndef strtod_l
  return ((int*)(&strtod_l))[argc];
#else
  (void)argc;
  return 0;
#endif
}
